0 info it worked if it ends with ok
1 verbose cli [ '/home/ec2-user/.nvm/versions/node/v6.11.4/bin/node',
1 verbose cli   '/home/ec2-user/.nvm/versions/node/v6.11.4/bin/npm',
1 verbose cli   'run',
1 verbose cli   'buildSlatwall' ]
2 info using npm@3.10.10
3 info using node@v6.11.4
4 verbose run-script [ 'prebuildSlatwall', 'buildSlatwall', 'postbuildSlatwall' ]
5 info lifecycle Slatwall@0.0.0~prebuildSlatwall: Slatwall@0.0.0
6 silly lifecycle Slatwall@0.0.0~prebuildSlatwall: no script for prebuildSlatwall, continuing
7 info lifecycle Slatwall@0.0.0~buildSlatwall: Slatwall@0.0.0
8 verbose lifecycle Slatwall@0.0.0~buildSlatwall: unsafe-perm in lifecycle true
9 verbose lifecycle Slatwall@0.0.0~buildSlatwall: PATH: /home/ec2-user/.nvm/versions/node/v6.11.4/lib/node_modules/npm/bin/node-gyp-bin:/home/ec2-user/environment/dev-ops/projects/slatwall/node_modules/.bin:/home/ec2-user/.nvm/versions/node/v6.11.4/bin:/usr/local/rvm/gems/ruby-2.4.1/bin:/usr/local/rvm/gems/ruby-2.4.1@global/bin:/usr/local/rvm/rubies/ruby-2.4.1/bin:/usr/local/bin:/bin:/usr/bin:/home/ec2-user/.local/bin:/home/ec2-user/bin:/usr/local/sbin:/usr/sbin:/sbin:/opt/aws/bin:/home/ec2-user/.local/bin:/home/ec2-user/bin:/home/ec2-user/.local/bin:/home/ec2-user/bin:/opt/aws/bin:/usr/local/rvm/bin:/home/ec2-user/.local/bin:/home/ec2-user/bin:/home/ec2-user/.local/bin:/home/ec2-user/bin
10 verbose lifecycle Slatwall@0.0.0~buildSlatwall: CWD: /home/ec2-user/environment/dev-ops/projects/slatwall
11 silly lifecycle Slatwall@0.0.0~buildSlatwall: Args: [ '-c',
11 silly lifecycle   'cd org/Hibachi/client && webpack --watch 0 && cd ../../../admin/client && webpack' ]
12 silly lifecycle Slatwall@0.0.0~buildSlatwall: Returned: code: 1  signal: null
13 info lifecycle Slatwall@0.0.0~buildSlatwall: Failed to exec buildSlatwall script
14 verbose stack Error: Slatwall@0.0.0 buildSlatwall: `cd org/Hibachi/client && webpack --watch 0 && cd ../../../admin/client && webpack`
14 verbose stack Exit status 1
14 verbose stack     at EventEmitter.<anonymous> (/home/ec2-user/.nvm/versions/node/v6.11.4/lib/node_modules/npm/lib/utils/lifecycle.js:255:16)
14 verbose stack     at emitTwo (events.js:106:13)
14 verbose stack     at EventEmitter.emit (events.js:191:7)
14 verbose stack     at ChildProcess.<anonymous> (/home/ec2-user/.nvm/versions/node/v6.11.4/lib/node_modules/npm/lib/utils/spawn.js:40:14)
14 verbose stack     at emitTwo (events.js:106:13)
14 verbose stack     at ChildProcess.emit (events.js:191:7)
14 verbose stack     at maybeClose (internal/child_process.js:920:16)
14 verbose stack     at Process.ChildProcess._handle.onexit (internal/child_process.js:230:5)
15 verbose pkgid Slatwall@0.0.0
16 verbose cwd /home/ec2-user/environment/dev-ops/projects/slatwall
17 error Linux 4.9.51-10.52.amzn1.x86_64
18 error argv "/home/ec2-user/.nvm/versions/node/v6.11.4/bin/node" "/home/ec2-user/.nvm/versions/node/v6.11.4/bin/npm" "run" "buildSlatwall"
19 error node v6.11.4
20 error npm  v3.10.10
21 error code ELIFECYCLE
22 error Slatwall@0.0.0 buildSlatwall: `cd org/Hibachi/client && webpack --watch 0 && cd ../../../admin/client && webpack`
22 error Exit status 1
23 error Failed at the Slatwall@0.0.0 buildSlatwall script 'cd org/Hibachi/client && webpack --watch 0 && cd ../../../admin/client && webpack'.
23 error Make sure you have the latest version of node.js and npm installed.
23 error If you do, this is most likely a problem with the Slatwall package,
23 error not with npm itself.
23 error Tell the author that this fails on your system:
23 error     cd org/Hibachi/client && webpack --watch 0 && cd ../../../admin/client && webpack
23 error You can get information on how to open an issue for this project with:
23 error     npm bugs Slatwall
23 error Or if that isn't available, you can get their info via:
23 error     npm owner ls Slatwall
23 error There is likely additional logging output above.
24 verbose exit [ 1, true ]
